{"C:\\Users\\eyess\\Desktop\\API-based-webapp\\src\\modules\\showCounter.js": {"path":"C:\\Users\\eyess\\Desktop\\API-based-webapp\\src\\modules\\showCounter.js","statementMap":{"0":{"start":{"line":3,"column":20},"end":{"line":10,"column":1}},"1":{"start":{"line":4,"column":2},"end":{"line":6,"column":3}},"2":{"start":{"line":5,"column":4},"end":{"line":5,"column":16}},"3":{"start":{"line":7,"column":17},"end":{"line":7,"column":22}},"4":{"start":{"line":8,"column":2},"end":{"line":8,"column":34}},"5":{"start":{"line":9,"column":2},"end":{"line":9,"column":22}}},"fnMap":{"0":{"name":"(anonymous_0)","decl":{"start":{"line":3,"column":20},"end":{"line":3,"column":21}},"loc":{"start":{"line":3,"column":31},"end":{"line":10,"column":1}},"line":3}},"branchMap":{"0":{"loc":{"start":{"line":4,"column":2},"end":{"line":6,"column":3}},"type":"if","locations":[{"start":{"line":4,"column":2},"end":{"line":6,"column":3}},{"start":{},"end":{}}],"line":4}},"s":{"0":1,"1":3,"2":1,"3":2,"4":2,"5":2},"f":{"0":3},"b":{"0":[1,2]},"_coverageSchema":"1a1c01bbd47fc00a2c39e90264f33305004495a9","hash":"fdfee985d2599710a823f834e314805cd745c417"}
}
